This file contains any messages produced by compilers while
running configure, to aid debugging if configure makes a mistake.

It was created by libhid configure 0.2.16.0.0, which was
generated by GNU Autoconf 2.60.  Invocation command line was

  $ ./configure 

## --------- ##
## Platform. ##
## --------- ##

hostname = hicontrol
uname -m = x86_64
uname -r = 3.13.0-32-generic
uname -s = Linux
uname -v = #57-Ubuntu SMP Tue Jul 15 03:51:08 UTC 2014

/usr/bin/uname -p = unknown
/bin/uname -X     = unknown

/bin/arch              = unknown
/usr/bin/arch -k       = unknown
/usr/convex/getsysinfo = unknown
/usr/bin/hostinfo      = unknown
/bin/machine           = unknown
/usr/bin/oslevel       = unknown
/bin/universe          = unknown

PATH: /usr/local/sbin
PATH: /usr/local/bin
PATH: /usr/sbin
PATH: /usr/bin
PATH: /sbin
PATH: /bin
PATH: /usr/games
PATH: /usr/local/games


## ----------- ##
## Core tests. ##
## ----------- ##

configure:2041: checking for a BSD-compatible install
configure:2097: result: /usr/bin/install -c
configure:2108: checking whether build environment is sane
configure:2151: result: yes
configure:2216: checking for gawk
configure:2246: result: no
configure:2216: checking for mawk
configure:2232: found /usr/bin/mawk
configure:2243: result: mawk
configure:2254: checking whether make sets $(MAKE)
configure:2275: result: yes
configure:2459: checking whether to enable maintainer-specific portions of Makefiles
configure:2468: result: no
configure:2494: checking whether to enable pedantic compiler checks
configure:2501: result: no
configure:2512: checking whether to enable proper compiler warnings
configure:2519: result: yes
configure:2530: checking whether to enable compiler warnings as errors
configure:2537: result: yes
configure:2548: checking whether to enable debugging
configure:2555: result: no
configure:2566: checking whether to enable gdb-enhanced debugging symbols
configure:2573: result: no
configure:2587: checking whether to use documentation generated by doxygen
configure:2594: result: yes
configure:2607: checking whether to enable swig python wrapper
configure:2614: result: yes
configure:2668: checking build system type
configure:2686: result: x86_64-unknown-linux-gnu
configure:2709: checking host system type
configure:2724: result: x86_64-unknown-linux-gnu
configure:2746: checking for target OS
configure:2757: result: Linux
configure:2817: checking for style of include used by make
configure:2845: result: GNU
configure:2918: checking for gcc
configure:2948: result: no
configure:3015: checking for cc
configure:3062: result: no
configure:3118: checking for cl.exe
configure:3148: result: no
configure:3177: error: no acceptable C compiler found in $PATH
See `config.log' for more details.

## ---------------- ##
## Cache variables. ##
## ---------------- ##

ac_cv_build=x86_64-unknown-linux-gnu
ac_cv_enable_debug=no
ac_cv_enable_gdbdebug=no
ac_cv_enable_pedantic=no
ac_cv_enable_swig=yes
ac_cv_enable_warnings=yes
ac_cv_enable_werror=yes
ac_cv_env_CCC_set=
ac_cv_env_CCC_value=
ac_cv_env_CC_set=
ac_cv_env_CC_value=
ac_cv_env_CFLAGS_set=
ac_cv_env_CFLAGS_value=
ac_cv_env_CPPFLAGS_set=
ac_cv_env_CPPFLAGS_value=
ac_cv_env_CPP_set=
ac_cv_env_CPP_value=
ac_cv_env_CXXCPP_set=
ac_cv_env_CXXCPP_value=
ac_cv_env_CXXFLAGS_set=
ac_cv_env_CXXFLAGS_value=
ac_cv_env_CXX_set=
ac_cv_env_CXX_value=
ac_cv_env_F77_set=
ac_cv_env_F77_value=
ac_cv_env_FFLAGS_set=
ac_cv_env_FFLAGS_value=
ac_cv_env_LDFLAGS_set=
ac_cv_env_LDFLAGS_value=
ac_cv_env_PYTHON_VERSION_set=
ac_cv_env_PYTHON_VERSION_value=
ac_cv_env_build_alias_set=
ac_cv_env_build_alias_value=
ac_cv_env_host_alias_set=
ac_cv_env_host_alias_value=
ac_cv_env_target_alias_set=
ac_cv_env_target_alias_value=
ac_cv_host=x86_64-unknown-linux-gnu
ac_cv_path_install='/usr/bin/install -c'
ac_cv_prog_AWK=mawk
ac_cv_prog_make_make_set=yes
ac_cv_use_doxygen=yes

## ----------------- ##
## Output variables. ##
## ----------------- ##

ACLOCAL='${SHELL} /home/uva/code/MCCDAQ-1208LS-backend/get-up-and-running/libhid-0.2.16/missing --run aclocal-1.9'
AMDEPBACKSLASH='\'
AMDEP_FALSE='#'
AMDEP_TRUE=''
AMTAR='${SHELL} /home/uva/code/MCCDAQ-1208LS-backend/get-up-and-running/libhid-0.2.16/missing --run tar'
AR=''
AUTOCONF='${SHELL} /home/uva/code/MCCDAQ-1208LS-backend/get-up-and-running/libhid-0.2.16/missing --run autoconf'
AUTOHEADER='${SHELL} /home/uva/code/MCCDAQ-1208LS-backend/get-up-and-running/libhid-0.2.16/missing --run autoheader'
AUTOMAKE='${SHELL} /home/uva/code/MCCDAQ-1208LS-backend/get-up-and-running/libhid-0.2.16/missing --run automake-1.9'
AWK='mawk'
CC=''
CCDEPMODE=''
CFLAGS=''
CPP=''
CPPFLAGS=''
CXX=''
CXXCPP=''
CXXDEPMODE=''
CXXFLAGS=''
CYGPATH_W='echo'
DB2MAN_FILE=''
DEFS=''
DEPDIR='.deps'
DOXYGEN_FALSE=''
DOXYGEN_TRUE=''
ECHO='echo'
ECHO_C=''
ECHO_N='-n'
ECHO_T=''
EGREP=''
EXEEXT=''
F77=''
FFLAGS=''
GREP=''
HAVE_DB2MAN_FALSE=''
HAVE_DB2MAN_TRUE=''
HAVE_SWIG_FALSE=''
HAVE_SWIG_TRUE=''
HAVE_doxygen=''
INSTALL_DATA='${INSTALL} -m 644'
INSTALL_PROGRAM='${INSTALL}'
INSTALL_SCRIPT='${INSTALL}'
INSTALL_STRIP_PROGRAM='${SHELL} $(install_sh) -c -s'
LDFLAGS=''
LIBOBJS=''
LIBS=''
LIBTOOL=''
LIBUSB_CFLAGS=''
LIBUSB_LIBS=''
LN_S=''
LTLIBOBJS=''
LT_AGE='0'
LT_CURRENT='16'
LT_RELEASE='0.2'
LT_REVISION='0'
MAINT='#'
MAINTAINER_MODE_FALSE=''
MAINTAINER_MODE_TRUE='#'
MAKEINFO='${SHELL} /home/uva/code/MCCDAQ-1208LS-backend/get-up-and-running/libhid-0.2.16/missing --run makeinfo'
MD_BINARY_AGE='0'
MD_INTERFACE_AGE='0'
MD_MAJOR_VERSION='0'
MD_MICRO_VERSION='16'
MD_MINOR_VERSION='2'
MD_VERSION='0.2.16'
OBJEXT=''
OS_BSD=''
OS_BSD_FALSE=''
OS_BSD_TRUE=''
OS_CFLAGS=''
OS_DARWIN=''
OS_DARWIN_FALSE=''
OS_DARWIN_TRUE=''
OS_LDFLAGS=''
OS_LINUX=''
OS_LINUX_FALSE=''
OS_LINUX_TRUE=''
OS_SOLARIS=''
OS_SOLARIS_FALSE=''
OS_SOLARIS_TRUE=''
PACKAGE='libhid'
PACKAGE_BUGREPORT='libhid-discuss@lists.alioth.debian.org'
PACKAGE_NAME='libhid'
PACKAGE_STRING='libhid 0.2.16.0.0'
PACKAGE_TARNAME='libhid'
PACKAGE_VERSION='0.2.16.0.0'
PATH_SEPARATOR=':'
PYTHON=''
PYTHON_CPPFLAGS=''
PYTHON_EXEC_PREFIX=''
PYTHON_EXTRA_LDFLAGS=''
PYTHON_EXTRA_LIBS=''
PYTHON_LDFLAGS=''
PYTHON_PLATFORM=''
PYTHON_PREFIX=''
PYTHON_SITE_PKG=''
PYTHON_VERSION=''
RANLIB=''
SET_MAKE=''
SHELL='/bin/bash'
STRIP=''
SWIG=''
SWIG_LIB=''
SWIG_PYTHON_CPPFLAGS=''
SWIG_PYTHON_OPT=''
VERSION='0.2.16'
ac_ct_CC=''
ac_ct_CXX=''
ac_ct_F77=''
am__fastdepCC_FALSE=''
am__fastdepCC_TRUE=''
am__fastdepCXX_FALSE=''
am__fastdepCXX_TRUE=''
am__include='include'
am__leading_dot='.'
am__quote=''
am__tar='${AMTAR} chof - "$$tardir"'
am__untar='${AMTAR} xf -'
bindir='${exec_prefix}/bin'
build='x86_64-unknown-linux-gnu'
build_alias=''
build_cpu='x86_64'
build_os='linux-gnu'
build_vendor='unknown'
datadir='${datarootdir}'
datarootdir='${prefix}/share'
docdir='${datarootdir}/doc/${PACKAGE_TARNAME}'
dvidir='${docdir}'
exec_prefix='NONE'
host='x86_64-unknown-linux-gnu'
host_alias=''
host_cpu='x86_64'
host_os='linux-gnu'
host_vendor='unknown'
htmldir='${docdir}'
includedir='${prefix}/include'
infodir='${datarootdir}/info'
install_sh='/home/uva/code/MCCDAQ-1208LS-backend/get-up-and-running/libhid-0.2.16/install-sh'
libdir='${exec_prefix}/lib'
libexecdir='${exec_prefix}/libexec'
localedir='${datarootdir}/locale'
localstatedir='${prefix}/var'
mandir='${datarootdir}/man'
mkdir_p='mkdir -p --'
oldincludedir='/usr/include'
pdfdir='${docdir}'
pkgpyexecdir=''
pkgpythondir=''
prefix='NONE'
program_transform_name='s,x,x,'
psdir='${docdir}'
pyexecdir=''
pythondir=''
sbindir='${exec_prefix}/sbin'
sharedstatedir='${prefix}/com'
sysconfdir='${prefix}/etc'
target_alias=''

## ----------- ##
## confdefs.h. ##
## ----------- ##

#define PACKAGE_NAME "libhid"
#define PACKAGE_TARNAME "libhid"
#define PACKAGE_VERSION "0.2.16.0.0"
#define PACKAGE_STRING "libhid 0.2.16.0.0"
#define PACKAGE_BUGREPORT "libhid-discuss@lists.alioth.debian.org"
#define PACKAGE "libhid"
#define VERSION "0.2.16.0.0"
#define MD_VERSION 0.2.16
#define OS_LINUX

configure: exit 1
